Determining if the pthread_create exist failed with the following output:
Change Dir: /home/marc/dev/physx_test/cmake-build-debug/CMakeFiles/CMakeTmp

Run Build Command:"/usr/bin/make" "cmTC_cedbd/fast"
/usr/bin/make -f CMakeFiles/cmTC_cedbd.dir/build.make CMakeFiles/cmTC_cedbd.dir/build
make[1]: Entering directory '/home/marc/dev/physx_test/cmake-build-debug/CMakeFiles/CMakeTmp'
Building C object CMakeFiles/cmTC_cedbd.dir/CheckSymbolExists.c.o
/usr/bin/cc    -o CMakeFiles/cmTC_cedbd.dir/CheckSymbolExists.c.o   -c /home/marc/dev/physx_test/cmake-build-debug/CMakeFiles/CMakeTmp/CheckSymbolExists.c
Linking C executable cmTC_cedbd
/home/marc/clion-2017.2.3/bin/cmake/bin/cmake -E cmake_link_script CMakeFiles/cmTC_cedbd.dir/link.txt --verbose=1
/usr/bin/cc      -rdynamic CMakeFiles/cmTC_cedbd.dir/CheckSymbolExists.c.o  -o cmTC_cedbd 
CMakeFiles/cmTC_cedbd.dir/CheckSymbolExists.c.o: In function `main':
CheckSymbolExists.c:(.text+0x16): undefined reference to `pthread_create'
collect2: error: ld returned 1 exit status
CMakeFiles/cmTC_cedbd.dir/build.make:97: recipe for target 'cmTC_cedbd' failed
make[1]: *** [cmTC_cedbd] Error 1
make[1]: Leaving directory '/home/marc/dev/physx_test/cmake-build-debug/CMakeFiles/CMakeTmp'
Makefile:126: recipe for target 'cmTC_cedbd/fast' failed
make: *** [cmTC_cedbd/fast] Error 2

File /home/marc/dev/physx_test/cmake-build-debug/CMakeFiles/CMakeTmp/CheckSymbolExists.c:
/* */
#include <pthread.h>

int main(int argc, char** argv)
{
  (void)argv;
#ifndef pthread_create
  return ((int*)(&pthread_create))[argc];
#else
  (void)argc;
  return 0;
#endif
}

Determining if the function pthread_create exists in the pthreads failed with the following output:
Change Dir: /home/marc/dev/physx_test/cmake-build-debug/CMakeFiles/CMakeTmp

Run Build Command:"/usr/bin/make" "cmTC_02fea/fast"
/usr/bin/make -f CMakeFiles/cmTC_02fea.dir/build.make CMakeFiles/cmTC_02fea.dir/build
make[1]: Entering directory '/home/marc/dev/physx_test/cmake-build-debug/CMakeFiles/CMakeTmp'
Building C object CMakeFiles/cmTC_02fea.dir/CheckFunctionExists.c.o
/usr/bin/cc   -DCHECK_FUNCTION_EXISTS=pthread_create   -o CMakeFiles/cmTC_02fea.dir/CheckFunctionExists.c.o   -c /home/marc/clion-2017.2.3/bin/cmake/share/cmake-3.8/Modules/CheckFunctionExists.c
Linking C executable cmTC_02fea
/home/marc/clion-2017.2.3/bin/cmake/bin/cmake -E cmake_link_script CMakeFiles/cmTC_02fea.dir/link.txt --verbose=1
/usr/bin/cc  -DCHECK_FUNCTION_EXISTS=pthread_create    -rdynamic CMakeFiles/cmTC_02fea.dir/CheckFunctionExists.c.o  -o cmTC_02fea -lpthreads 
/usr/bin/ld: cannot find -lpthreads
collect2: error: ld returned 1 exit status
CMakeFiles/cmTC_02fea.dir/build.make:97: recipe for target 'cmTC_02fea' failed
make[1]: *** [cmTC_02fea] Error 1
make[1]: Leaving directory '/home/marc/dev/physx_test/cmake-build-debug/CMakeFiles/CMakeTmp'
Makefile:126: recipe for target 'cmTC_02fea/fast' failed
make: *** [cmTC_02fea/fast] Error 2


